[debug] [2022-02-17T08:59:29.595Z] ----------------------------------------------------------------------
[debug] [2022-02-17T08:59:29.597Z] Command:       C:\Program Files\nodejs\node.exe C:\Users\Sapna Trivedi\AppData\Roaming\npm\node_modules\firebase-tools\lib\bin\firebase.js init
[debug] [2022-02-17T08:59:29.597Z] CLI Version:   10.2.0
[debug] [2022-02-17T08:59:29.597Z] Platform:      win32
[debug] [2022-02-17T08:59:29.597Z] Node Version:  v14.17.3
[debug] [2022-02-17T08:59:29.598Z] Time:          Thu Feb 17 2022 14:29:29 GMT+0530 (India Standard Time)
[debug] [2022-02-17T08:59:29.598Z] ----------------------------------------------------------------------
[debug] 
[debug] [2022-02-17T08:59:29.673Z] > command requires scopes: ["email","openid","https://www.googleapis.com/auth/cloudplatformprojects.readonly","https://www.googleapis.com/auth/firebase","https://www.googleapis.com/auth/cloud-platform"]
[debug] [2022-02-17T08:59:29.673Z] > authorizing via signed-in user (sapnatrivedi@ssism.org)
[info] 
     ######## #### ########  ######## ########     ###     ######  ########
     ##        ##  ##     ## ##       ##     ##  ##   ##  ##       ##
     ######    ##  ########  ######   ########  #########  ######  ######
     ##        ##  ##    ##  ##       ##     ## ##     ##       ## ##
     ##       #### ##     ## ######## ########  ##     ##  ######  ########

You're about to initialize a Firebase project in this directory:

  C:\Users\Sapna Trivedi\OneDrive - Baelworks Innovation Pvt. Ltd\Documents\Reactproject\capital

Before we get started, keep in mind:

  * You are initializing within an existing Firebase project directory

[info] 
=== Project Setup
[info] 
[info] First, let's associate this project directory with a Firebase project.
[info] You can create multiple project aliases by running firebase use --add, 
[info] but for now we'll just set up a default project.
[info] 
[debug] [2022-02-17T08:59:36.780Z] Using project from CLI flag: coaching-classes-e9e5f
[debug] [2022-02-17T08:59:36.783Z] > refreshing access token with scopes: []
[debug] [2022-02-17T08:59:36.784Z] >>> HTTP REQUEST POST https://www.googleapis.com/oauth2/v3/token  
 <request body omitted>
[debug] [2022-02-17T08:59:37.080Z] <<< HTTP RESPONSE 200 {"cache-control":"no-cache, no-store, max-age=0, must-revalidate","pragma":"no-cache","expires":"Mon, 01 Jan 1990 00:00:00 GMT","date":"Thu, 17 Feb 2022 09:01:38 GMT","content-type":"application/json; charset=utf-8","vary":"X-Origin, Referer, Origin,Accept-Encoding","server":"scaffolding on HTTPServer2","x-xss-protection":"0","x-frame-options":"SAMEORIGIN","x-content-type-options":"nosniff","alt-svc":"h3=\":443\"; ma=2592000,h3-29=\":443\"; ma=2592000,h3-Q050=\":443\"; ma=2592000,h3-Q046=\":443\"; ma=2592000,h3-Q043=\":443\"; ma=2592000,quic=\":443\"; ma=2592000; v=\"46,43\"","accept-ranges":"none","transfer-encoding":"chunked"}
[debug] [2022-02-17T08:59:37.118Z] >>> [apiv2][query] GET https://firebase.googleapis.com/v1beta1/projects/coaching-classes-e9e5f [none]
[debug] [2022-02-17T08:59:37.595Z] <<< [apiv2][status] GET https://firebase.googleapis.com/v1beta1/projects/coaching-classes-e9e5f 200
[debug] [2022-02-17T08:59:37.595Z] <<< [apiv2][body] GET https://firebase.googleapis.com/v1beta1/projects/coaching-classes-e9e5f {"projectId":"coaching-classes-e9e5f","projectNumber":"23124303440","displayName":"coaching-classes","name":"projects/coaching-classes-e9e5f","resources":{"hostingSite":"coaching-classes-e9e5f"},"state":"DELETED"}
[info] i  Using project coaching-classes-e9e5f (coaching-classes) 
[info] 
=== Hosting Setup
[info] 
[info] Your public directory is the folder (relative to your project directory) that
[info] will contain Hosting assets to be uploaded with firebase deploy. If you
[info] have a build process for your assets, use your build's output directory.
[info] 
